Threads = 1
Rows = 100000
Columns = 1000
START:############################################################
0.607804
0.607132
0.608774
0.609253
0.618919
0.608503
END:############################################################
Threads = 2
Rows = 100000
Columns = 1000
START:############################################################
0.571299
0.520885
0.520782
0.537626
0.521557
0.519182
END:############################################################
Threads = 4
Rows = 100000
Columns = 1000
START:############################################################
0.409964
0.403415
0.419202
0.417675
0.426493
0.410935
END:############################################################
Threads = 6
Rows = 100000
Columns = 1000
START:############################################################
0.341819
0.341035
0.339853
0.337204
0.352316
0.395158
END:############################################################
Threads = 8
Rows = 100000
Columns = 1000
START:############################################################
0.381524
0.311869
0.322178
0.330101
0.32202
0.332714
END:############################################################
Threads = 10
Rows = 100000
Columns = 1000
START:############################################################
0.321618
0.336286
0.323335
0.282833
0.322559
0.303022
END:############################################################
Threads = 1
Rows = 100000
Columns = 2000
START:############################################################
1.21329
1.21819
1.21752
1.2114
1.23964
1.21375
END:############################################################
Threads = 2
Rows = 100000
Columns = 2000
START:############################################################
0.995638
0.989465
1.00678
1.0034
0.994784
1.02417
END:############################################################
Threads = 4
Rows = 100000
Columns = 2000
START:############################################################
0.783214
0.775861
0.752504
0.716074
0.767374
0.743823
END:############################################################
Threads = 6
Rows = 100000
Columns = 2000
START:############################################################
0.66463
0.637044
0.652639
0.676001
0.666758
0.640325
END:############################################################
Threads = 8
Rows = 100000
Columns = 2000
START:############################################################
0.623114
0.643328
0.63348
0.581368
0.622778
0.63111
END:############################################################
Threads = 10
Rows = 100000
Columns = 2000
START:############################################################
0.630841
0.571356
0.626239
0.582162
0.625418
0.671053
END:############################################################
Threads = 1
Rows = 100000
Columns = 4000
START:############################################################
2.40402
2.43581
2.42945
2.42195
2.42828
2.42288
END:############################################################
Threads = 2
Rows = 100000
Columns = 4000
START:############################################################
1.8494
1.84773
1.84049
1.84667
1.85842
1.8932
END:############################################################
Threads = 4
Rows = 100000
Columns = 4000
START:############################################################
1.39096
1.38691
1.39508
1.35771
1.39354
1.39525
END:############################################################
Threads = 6
Rows = 100000
Columns = 4000
START:############################################################
1.21972
1.23634
1.22866
1.2183
1.23485
1.20112
END:############################################################
Threads = 8
Rows = 100000
Columns = 4000
START:############################################################
1.13644
1.10187
1.19671
1.20349
1.17937
1.20571
END:############################################################
Threads = 10
Rows = 100000
Columns = 4000
START:############################################################
1.14418
1.10753
1.14147
1.22417
1.14911
1.0747
END:############################################################
Threads = 1
Rows = 100000
Columns = 6000
START:############################################################
3.62108
3.69159
3.6143
3.7788
3.63037
3.65007
END:############################################################
Threads = 2
Rows = 100000
Columns = 6000
START:############################################################
2.86157
2.67429
2.66228
2.66091
2.66321
2.65074
END:############################################################
Threads = 4
Rows = 100000
Columns = 6000
START:############################################################
2.04596
2.05188
2.21046
2.03494
2.04634
2.05687
END:############################################################
Threads = 6
Rows = 100000
Columns = 6000
START:############################################################
1.79021
1.8075
1.76362
1.77258
2.24053
1.94588
END:############################################################
Threads = 8
Rows = 100000
Columns = 6000
START:############################################################
1.76869
1.80673
1.77157
1.74848
1.7025
1.7594
END:############################################################
Threads = 10
Rows = 100000
Columns = 6000
START:############################################################
1.65529
1.76015
1.65813
1.71961
1.6908
2.07543
END:############################################################
Threads = 1
Rows = 100000
Columns = 8000
START:############################################################
4.82185
4.84688
4.83182
4.84462
4.82848
4.84547
END:############################################################
Threads = 2
Rows = 100000
Columns = 8000
START:############################################################
3.41798
3.47612
3.42818
3.94309
3.82335
3.46656
END:############################################################
Threads = 4
Rows = 100000
Columns = 8000
START:############################################################
2.66082
2.72494
2.62494
2.75045
2.62974
2.7542
END:############################################################
Threads = 6
Rows = 100000
Columns = 8000
START:############################################################
2.33058
2.33179
2.36737
2.3172
2.33668
2.3371
END:############################################################
Threads = 8
Rows = 100000
Columns = 8000
START:############################################################
2.1965
2.18477
2.17893
2.12302
2.23852
2.59005
END:############################################################
Threads = 10
Rows = 100000
Columns = 8000
START:############################################################
2.19766
2.22396
2.44875
2.29748
2.13293
2.20091
END:############################################################
Threads = 1
Rows = 100000
Columns = 10000
START:############################################################
6.02456
6.08
6.03935
6.0517
6.04105
6.04427
END:############################################################
Threads = 2
Rows = 100000
Columns = 10000
START:############################################################
4.38425
4.23618
4.57438
4.60734
4.22722
4.32833
END:############################################################
Threads = 4
Rows = 100000
Columns = 10000
START:############################################################
3.36275
3.35172
3.36438
3.27773
3.21016
3.33353
END:############################################################
Threads = 6
Rows = 100000
Columns = 10000
START:############################################################
2.99914
2.84634
3.07154
2.85945
2.8569
3.0484
END:############################################################
Threads = 8
Rows = 100000
Columns = 10000
START:############################################################
2.87661
2.84239
2.75795
3.13487
2.77516
2.84019
END:############################################################
Threads = 10
Rows = 100000
Columns = 10000
START:############################################################
2.71653
2.75599
2.6583
2.70927
2.66752
2.74009
END:############################################################
