rm -rf a0
g++ -fopenmp -std=c++17 -O2    a0.cpp   -o a0
Threads = 1
Rows = 100000
Columns = 1000
START:############################################################
1.1098
1.13421
1.10886
1.11534
1.10969
1.11622
1.11435
1.11704
1.10904
1.11665
END:############################################################
Threads = 2
Rows = 100000
Columns = 1000
START:############################################################
0.644556
0.647387
0.642215
0.645193
0.641666
0.648005
0.641055
0.647559
0.641937
0.646048
END:############################################################
Threads = 4
Rows = 100000
Columns = 1000
START:############################################################
0.425049
0.425115
0.416397
0.425692
0.424631
0.426104
0.424694
0.425176
0.426703
0.425676
END:############################################################
Threads = 6
Rows = 100000
Columns = 1000
START:############################################################
0.34182
0.333829
0.336223
0.336986
0.338597
0.338449
0.336893
0.33959
0.336325
0.338244
END:############################################################
Threads = 8
Rows = 100000
Columns = 1000
START:############################################################
0.292043
0.292503
0.291915
0.295702
0.292018
0.292026
0.291341
0.294625
0.292796
0.295338
END:############################################################
Threads = 10
Rows = 100000
Columns = 1000
START:############################################################
0.274308
0.27686
0.266218
0.278972
0.275494
0.266362
0.275458
0.279577
0.276891
0.275734
END:############################################################
Threads = 1
Rows = 100000
Columns = 2000
START:############################################################
2.32495
2.32188
2.23559
2.27101
2.2534
2.23237
2.23214
2.23904
2.23105
2.23495
END:############################################################
Threads = 2
Rows = 100000
Columns = 2000
START:############################################################
1.2837
1.29539
1.31254
1.29988
1.27997
1.27938
1.28155
1.29409
1.28079
1.29234
END:############################################################
Threads = 4
Rows = 100000
Columns = 2000
START:############################################################
0.822317
0.817138
0.824256
0.819434
0.832476
0.816203
0.833926
0.824018
0.842555
0.831135
END:############################################################
Threads = 6
Rows = 100000
Columns = 2000
START:############################################################
0.667003
0.66124
0.665862
0.651413
0.664534
0.663027
0.662423
0.669463
0.673472
0.666622
END:############################################################
Threads = 8
Rows = 100000
Columns = 2000
START:############################################################
0.581635
0.583853
0.573902
0.580848
0.580376
0.584885
0.568411
0.581893
0.581459
0.582654
END:############################################################
Threads = 10
Rows = 100000
Columns = 2000
START:############################################################
0.544024
0.544067
0.521164
0.545111
0.54684
0.546192
0.545948
0.522206
0.537652
0.547022
END:############################################################
Threads = 1
Rows = 100000
Columns = 4000
START:############################################################
4.4983
4.49093
4.50653
4.5291
4.4638
4.46091
4.4534
4.46693
4.45343
4.47123
END:############################################################
Threads = 2
Rows = 100000
Columns = 4000
START:############################################################
2.6123
2.60051
2.57121
2.66965
2.57826
2.57693
2.58001
2.57522
2.57442
2.61693
END:############################################################
Threads = 4
Rows = 100000
Columns = 4000
START:############################################################
1.71041
1.62965
1.61991
1.59776
1.63407
1.62209
1.63331
1.63383
1.62381
1.62014
END:############################################################
Threads = 6
Rows = 100000
Columns = 4000
START:############################################################
1.31539
1.30647
1.3054
1.30902
1.30384
1.30644
1.3034
1.30077
1.30394
1.29783
END:############################################################
Threads = 8
Rows = 100000
Columns = 4000
START:############################################################
1.13876
1.13364
1.14028
1.21338
1.13425
1.13626
1.1558
1.14426
1.1355
1.13342
END:############################################################
Threads = 10
Rows = 100000
Columns = 4000
START:############################################################
1.04724
1.03537
1.03252
1.03636
1.02191
1.03241
1.03112
1.02336
1.02386
1.0333
END:############################################################
Threads = 1
Rows = 100000
Columns = 6000
START:############################################################
6.75702
6.79578
6.69633
6.76619
6.73331
6.73789
6.70392
6.73482
6.70532
6.7098
END:############################################################
Threads = 2
Rows = 100000
Columns = 6000
START:############################################################
3.93684
3.95785
3.90197
3.9945
4.02215
3.95238
3.9274
3.89749
3.90349
3.89996
END:############################################################
Threads = 4
Rows = 100000
Columns = 6000
START:############################################################
2.42324
2.47636
2.40387
2.40889
2.39567
2.42341
2.39939
2.41508
2.39322
2.42817
END:############################################################
Threads = 6
Rows = 100000
Columns = 6000
START:############################################################
1.9384
1.94819
1.94449
1.94636
1.9441
1.95045
1.94388
1.95032
1.94167
1.9557
END:############################################################
Threads = 8
Rows = 100000
Columns = 6000
START:############################################################
1.70379
1.68769
1.68681
1.68695
1.68751
1.68954
1.68458
1.69329
1.6933
1.69643
END:############################################################
Threads = 10
Rows = 100000
Columns = 6000
START:############################################################
1.52884
1.54684
1.54293
1.5633
1.55721
1.54186
1.5488
1.56697
1.56824
1.55472
END:############################################################
Threads = 1
Rows = 100000
Columns = 8000
START:############################################################
8.95451
8.94209
8.8752
8.94632
8.89284
8.94785
8.89114
9.00302
8.89632
8.99732
END:############################################################
Threads = 2
Rows = 100000
Columns = 8000
START:############################################################
5.25635
5.2779
5.26336
5.26235
5.23733
5.31741
5.24158
5.25636
5.23921
5.25872
END:############################################################
Threads = 4
Rows = 100000
Columns = 8000
START:############################################################
3.22211
3.23063
3.21343
3.18393
3.20289
3.21219
3.22617
3.23011
3.22155
3.25647
END:############################################################
Threads = 6
Rows = 100000
Columns = 8000
START:############################################################
2.58591
2.58382
2.57824
2.58636
2.57711
2.59341
2.57993
2.58419
2.573
2.57964
END:############################################################
Threads = 8
Rows = 100000
Columns = 8000
START:############################################################
2.26054
2.25797
2.24294
2.25515
2.23867
2.25224
2.22899
2.26146
2.2384
2.26133
END:############################################################
Threads = 10
Rows = 100000
Columns = 8000
START:############################################################
2.03649
2.07086
2.06533
2.04932
2.03463
2.05161
2.0455
2.08716
2.0633
2.0471
END:############################################################
Threads = 1
Rows = 100000
Columns = 10000
START:############################################################
11.2026
11.1831
11.128
11.1801
11.1983
11.291
11.2156
11.2827
11.2041
11.2364
END:############################################################
Threads = 2
Rows = 100000
Columns = 10000
START:############################################################
6.56523
6.65493
6.58977
6.60845
6.59548
6.61089
6.58984
6.63774
6.59292
6.61681
END:############################################################
Threads = 4
Rows = 100000
Columns = 10000
START:############################################################
